<?xml version="1.0" encoding="UTF-8"?>
<!-- Generated by org.testng.reporters.JUnitReportReporter -->
<testsuite hostname="DESKTOP-J61EO0Q" failures="0" tests="1" name="testcases.JavaAndSeleniumPracticeTest" time="41.258" errors="0" timestamp="2023-08-10T15:03:16 EEST" skipped="0">
  <testcase classname="testcases.JavaAndSeleniumPracticeTest" name="ValidateJobList" time="41.258"/>
</testsuite> <!-- testcases.JavaAndSeleniumPracticeTest -->
