<?xml version="1.0" encoding="UTF-8"?>
<!-- Generated by org.testng.reporters.JUnitReportReporter -->
<testsuite hostname="DESKTOP-J61EO0Q" failures="0" tests="6" name="testcases.FirstTest" time="177.222" errors="0" timestamp="2023-08-10T15:03:16 EEST" skipped="0">
  <testcase classname="testcases.FirstTest" name="ValidateFieldsAndButtonDisplaying" time="23.005"/>
  <testcase classname="testcases.FirstTest" name="OpenWebsite" time="25.054"/>
  <testcase classname="testcases.FirstTest" name="IncorrectEmailError" time="36.584"/>
  <testcase classname="testcases.FirstTest" name="OpenSignInPage" time="23.977"/>
  <testcase classname="testcases.FirstTest" name="test" time="33.235"/>
  <testcase classname="testcases.FirstTest" name="EnterUserDataSubmit" time="35.367"/>
</testsuite> <!-- testcases.FirstTest -->
