<?xml version="1.0" encoding="UTF-8"?>
<!-- Generated by org.testng.reporters.JUnitReportReporter -->
<testsuite hostname="DESKTOP-J61EO0Q" failures="0" tests="6" name="testcases.FirstTest" time="37.527" errors="0" timestamp="2023-08-11T17:25:20 EEST" skipped="0">
  <testcase classname="testcases.FirstTest" name="EnterUserDataSubmit" time="9.404"/>
  <testcase classname="testcases.FirstTest" name="IncorrectEmailError" time="9.786"/>
  <testcase classname="testcases.FirstTest" name="test" time="7.227"/>
  <testcase classname="testcases.FirstTest" name="OpenSignInPage" time="3.839"/>
  <testcase classname="testcases.FirstTest" name="OpenWebsite" time="3.226"/>
  <testcase classname="testcases.FirstTest" name="ValidateFieldsAndButtonDisplaying" time="4.045"/>
</testsuite> <!-- testcases.FirstTest -->
