<?xml version="1.0" encoding="UTF-8"?>
<!-- Generated by org.testng.reporters.JUnitReportReporter -->
<testsuite hostname="DESKTOP-J61EO0Q" failures="0" tests="1" name="testcases.JavaAndSeleniumPracticeTest" time="24.831" errors="0" timestamp="2023-08-10T13:47:01 EEST" skipped="0">
  <testcase classname="testcases.JavaAndSeleniumPracticeTest" name="ValidateJobList" time="24.831"/>
</testsuite> <!-- testcases.JavaAndSeleniumPracticeTest -->
