<?xml version="1.0" encoding="UTF-8"?>
<!-- Generated by org.testng.reporters.JUnitReportReporter -->
<testsuite hostname="DESKTOP-J61EO0Q" failures="0" tests="6" name="testcases.FirstTest" time="157.096" errors="0" timestamp="2023-08-10T13:47:01 EEST" skipped="0">
  <testcase classname="testcases.FirstTest" name="test" time="21.860"/>
  <testcase classname="testcases.FirstTest" name="EnterUserDataSubmit" time="27.655"/>
  <testcase classname="testcases.FirstTest" name="IncorrectEmailError" time="29.381"/>
  <testcase classname="testcases.FirstTest" name="ValidateFieldsAndButtonDisplaying" time="26.302"/>
  <testcase classname="testcases.FirstTest" name="OpenSignInPage" time="26.516"/>
  <testcase classname="testcases.FirstTest" name="OpenWebsite" time="25.382"/>
</testsuite> <!-- testcases.FirstTest -->
